<?xml version="1.0" encoding="UTF-8"?>
<testsuite xmlns:xsi="http://www.w3.org/2001/XMLSchema-instance" xsi:noNamespaceSchemaLocation="https://maven.apache.org/surefire/maven-surefire-plugin/xsd/surefire-test-report.xsd" version="3.0.2" name="com.example.file.processor.FileProcessorServiceApplicationTests" time="0.982" tests="1" errors="0" skipped="0" failures="0">
  <properties>
    <property name="java.specification.version" value="17"/>
    <property name="sun.jnu.encoding" value="UTF-8"/>
    <property name="java.class.path" value="/Users/kashif/Downloads/file-processor-service/target/test-classes:/Users/kashif/Downloads/file-processor-service/target/classes:/Users/kashif/.m2/repository/org/springframework/boot/spring-boot-starter-web/3.4.1/spring-boot-starter-web-3.4.1.jar:/Users/kashif/.m2/repository/org/springframework/boot/spring-boot-starter/3.4.1/spring-boot-starter-3.4.1.jar:/Users/kashif/.m2/repository/org/springframework/boot/spring-boot/3.4.1/spring-boot-3.4.1.jar:/Users/kashif/.m2/repository/org/springframework/boot/spring-boot-autoconfigure/3.4.1/spring-boot-autoconfigure-3.4.1.jar:/Users/kashif/.m2/repository/org/springframework/boot/spring-boot-starter-logging/3.4.1/spring-boot-starter-logging-3.4.1.jar:/Users/kashif/.m2/repository/ch/qos/logback/logback-classic/1.5.12/logback-classic-1.5.12.jar:/Users/kashif/.m2/repository/ch/qos/logback/logback-core/1.5.12/logback-core-1.5.12.jar:/Users/kashif/.m2/repository/org/apache/logging/log4j/log4j-to-slf4j/2.24.3/log4j-to-slf4j-2.24.3.jar:/Users/kashif/.m2/repository/org/apache/logging/log4j/log4j-api/2.24.3/log4j-api-2.24.3.jar:/Users/kashif/.m2/repository/org/slf4j/jul-to-slf4j/2.0.16/jul-to-slf4j-2.0.16.jar:/Users/kashif/.m2/repository/jakarta/annotation/jakarta.annotation-api/2.1.1/jakarta.annotation-api-2.1.1.jar:/Users/kashif/.m2/repository/org/yaml/snakeyaml/2.3/snakeyaml-2.3.jar:/Users/kashif/.m2/repository/org/springframework/boot/spring-boot-starter-json/3.4.1/spring-boot-starter-json-3.4.1.jar:/Users/kashif/.m2/repository/com/fasterxml/jackson/core/jackson-databind/2.18.2/jackson-databind-2.18.2.jar:/Users/kashif/.m2/repository/com/fasterxml/jackson/core/jackson-annotations/2.18.2/jackson-annotations-2.18.2.jar:/Users/kashif/.m2/repository/com/fasterxml/jackson/core/jackson-core/2.18.2/jackson-core-2.18.2.jar:/Users/kashif/.m2/repository/com/fasterxml/jackson/datatype/jackson-datatype-jdk8/2.18.2/jackson-datatype-jdk8-2.18.2.jar:/Users/kashif/.m2/repository/com/fasterxml/jackson/datatype/jackson-datatype-jsr310/2.18.2/jackson-datatype-jsr310-2.18.2.jar:/Users/kashif/.m2/repository/com/fasterxml/jackson/module/jackson-module-parameter-names/2.18.2/jackson-module-parameter-names-2.18.2.jar:/Users/kashif/.m2/repository/org/springframework/boot/spring-boot-starter-tomcat/3.4.1/spring-boot-starter-tomcat-3.4.1.jar:/Users/kashif/.m2/repository/org/apache/tomcat/embed/tomcat-embed-core/10.1.34/tomcat-embed-core-10.1.34.jar:/Users/kashif/.m2/repository/org/apache/tomcat/embed/tomcat-embed-el/10.1.34/tomcat-embed-el-10.1.34.jar:/Users/kashif/.m2/repository/org/apache/tomcat/embed/tomcat-embed-websocket/10.1.34/tomcat-embed-websocket-10.1.34.jar:/Users/kashif/.m2/repository/org/springframework/spring-web/6.2.1/spring-web-6.2.1.jar:/Users/kashif/.m2/repository/org/springframework/spring-beans/6.2.1/spring-beans-6.2.1.jar:/Users/kashif/.m2/repository/io/micrometer/micrometer-observation/1.14.2/micrometer-observation-1.14.2.jar:/Users/kashif/.m2/repository/io/micrometer/micrometer-commons/1.14.2/micrometer-commons-1.14.2.jar:/Users/kashif/.m2/repository/org/springframework/spring-webmvc/6.2.1/spring-webmvc-6.2.1.jar:/Users/kashif/.m2/repository/org/springframework/spring-aop/6.2.1/spring-aop-6.2.1.jar:/Users/kashif/.m2/repository/org/springframework/spring-context/6.2.1/spring-context-6.2.1.jar:/Users/kashif/.m2/repository/org/springframework/spring-expression/6.2.1/spring-expression-6.2.1.jar:/Users/kashif/.m2/repository/org/projectlombok/lombok/1.18.36/lombok-1.18.36.jar:/Users/kashif/.m2/repository/org/springframework/boot/spring-boot-starter-test/3.4.1/spring-boot-starter-test-3.4.1.jar:/Users/kashif/.m2/repository/org/springframework/boot/spring-boot-test/3.4.1/spring-boot-test-3.4.1.jar:/Users/kashif/.m2/repository/org/springframework/boot/spring-boot-test-autoconfigure/3.4.1/spring-boot-test-autoconfigure-3.4.1.jar:/Users/kashif/.m2/repository/com/jayway/jsonpath/json-path/2.9.0/json-path-2.9.0.jar:/Users/kashif/.m2/repository/jakarta/xml/bind/jakarta.xml.bind-api/4.0.2/jakarta.xml.bind-api-4.0.2.jar:/Users/kashif/.m2/repository/jakarta/activation/jakarta.activation-api/2.1.3/jakarta.activation-api-2.1.3.jar:/Users/kashif/.m2/repository/net/minidev/json-smart/2.5.1/json-smart-2.5.1.jar:/Users/kashif/.m2/repository/net/minidev/accessors-smart/2.5.1/accessors-smart-2.5.1.jar:/Users/kashif/.m2/repository/org/ow2/asm/asm/9.6/asm-9.6.jar:/Users/kashif/.m2/repository/org/assertj/assertj-core/3.26.3/assertj-core-3.26.3.jar:/Users/kashif/.m2/repository/net/bytebuddy/byte-buddy/1.15.11/byte-buddy-1.15.11.jar:/Users/kashif/.m2/repository/org/awaitility/awaitility/4.2.2/awaitility-4.2.2.jar:/Users/kashif/.m2/repository/org/hamcrest/hamcrest/2.2/hamcrest-2.2.jar:/Users/kashif/.m2/repository/org/junit/jupiter/junit-jupiter/5.11.4/junit-jupiter-5.11.4.jar:/Users/kashif/.m2/repository/org/junit/jupiter/junit-jupiter-params/5.11.4/junit-jupiter-params-5.11.4.jar:/Users/kashif/.m2/repository/org/junit/jupiter/junit-jupiter-engine/5.11.4/junit-jupiter-engine-5.11.4.jar:/Users/kashif/.m2/repository/org/junit/platform/junit-platform-engine/1.11.4/junit-platform-engine-1.11.4.jar:/Users/kashif/.m2/repository/org/mockito/mockito-core/5.14.2/mockito-core-5.14.2.jar:/Users/kashif/.m2/repository/net/bytebuddy/byte-buddy-agent/1.15.11/byte-buddy-agent-1.15.11.jar:/Users/kashif/.m2/repository/org/objenesis/objenesis/3.3/objenesis-3.3.jar:/Users/kashif/.m2/repository/org/mockito/mockito-junit-jupiter/5.14.2/mockito-junit-jupiter-5.14.2.jar:/Users/kashif/.m2/repository/org/skyscreamer/jsonassert/1.5.3/jsonassert-1.5.3.jar:/Users/kashif/.m2/repository/com/vaadin/external/google/android-json/0.0.20131108.vaadin1/android-json-0.0.20131108.vaadin1.jar:/Users/kashif/.m2/repository/org/springframework/spring-core/6.2.1/spring-core-6.2.1.jar:/Users/kashif/.m2/repository/org/springframework/spring-jcl/6.2.1/spring-jcl-6.2.1.jar:/Users/kashif/.m2/repository/org/springframework/spring-test/6.2.1/spring-test-6.2.1.jar:/Users/kashif/.m2/repository/org/xmlunit/xmlunit-core/2.10.0/xmlunit-core-2.10.0.jar:/Users/kashif/.m2/repository/org/apache/commons/commons-lang3/3.14.0/commons-lang3-3.14.0.jar:/Users/kashif/.m2/repository/org/springframework/boot/spring-boot-starter-webflux/3.4.1/spring-boot-starter-webflux-3.4.1.jar:/Users/kashif/.m2/repository/org/springframework/boot/spring-boot-starter-reactor-netty/3.4.1/spring-boot-starter-reactor-netty-3.4.1.jar:/Users/kashif/.m2/repository/io/projectreactor/netty/reactor-netty-http/1.2.1/reactor-netty-http-1.2.1.jar:/Users/kashif/.m2/repository/io/netty/netty-codec-http/4.1.116.Final/netty-codec-http-4.1.116.Final.jar:/Users/kashif/.m2/repository/io/netty/netty-common/4.1.116.Final/netty-common-4.1.116.Final.jar:/Users/kashif/.m2/repository/io/netty/netty-buffer/4.1.116.Final/netty-buffer-4.1.116.Final.jar:/Users/kashif/.m2/repository/io/netty/netty-transport/4.1.116.Final/netty-transport-4.1.116.Final.jar:/Users/kashif/.m2/repository/io/netty/netty-codec/4.1.116.Final/netty-codec-4.1.116.Final.jar:/Users/kashif/.m2/repository/io/netty/netty-handler/4.1.116.Final/netty-handler-4.1.116.Final.jar:/Users/kashif/.m2/repository/io/netty/netty-codec-http2/4.1.116.Final/netty-codec-http2-4.1.116.Final.jar:/Users/kashif/.m2/repository/io/netty/netty-resolver-dns/4.1.116.Final/netty-resolver-dns-4.1.116.Final.jar:/Users/kashif/.m2/repository/io/netty/netty-resolver/4.1.116.Final/netty-resolver-4.1.116.Final.jar:/Users/kashif/.m2/repository/io/netty/netty-codec-dns/4.1.116.Final/netty-codec-dns-4.1.116.Final.jar:/Users/kashif/.m2/repository/io/netty/netty-resolver-dns-native-macos/4.1.116.Final/netty-resolver-dns-native-macos-4.1.116.Final-osx-x86_64.jar:/Users/kashif/.m2/repository/io/netty/netty-resolver-dns-classes-macos/4.1.116.Final/netty-resolver-dns-classes-macos-4.1.116.Final.jar:/Users/kashif/.m2/repository/io/netty/netty-transport-native-epoll/4.1.116.Final/netty-transport-native-epoll-4.1.116.Final-linux-x86_64.jar:/Users/kashif/.m2/repository/io/netty/netty-transport-native-unix-common/4.1.116.Final/netty-transport-native-unix-common-4.1.116.Final.jar:/Users/kashif/.m2/repository/io/netty/netty-transport-classes-epoll/4.1.116.Final/netty-transport-classes-epoll-4.1.116.Final.jar:/Users/kashif/.m2/repository/io/projectreactor/netty/reactor-netty-core/1.2.1/reactor-netty-core-1.2.1.jar:/Users/kashif/.m2/repository/io/netty/netty-handler-proxy/4.1.116.Final/netty-handler-proxy-4.1.116.Final.jar:/Users/kashif/.m2/repository/io/netty/netty-codec-socks/4.1.116.Final/netty-codec-socks-4.1.116.Final.jar:/Users/kashif/.m2/repository/org/springframework/spring-webflux/6.2.1/spring-webflux-6.2.1.jar:/Users/kashif/.m2/repository/io/projectreactor/reactor-core/3.7.1/reactor-core-3.7.1.jar:/Users/kashif/.m2/repository/org/reactivestreams/reactive-streams/1.0.4/reactive-streams-1.0.4.jar:/Users/kashif/.m2/repository/org/wiremock/integrations/wiremock-spring-boot/3.6.0/wiremock-spring-boot-3.6.0.jar:/Users/kashif/.m2/repository/org/wiremock/wiremock-jetty12/3.10.0/wiremock-jetty12-3.10.0.jar:/Users/kashif/.m2/repository/org/wiremock/wiremock/3.10.0/wiremock-3.10.0.jar:/Users/kashif/.m2/repository/com/google/guava/guava/33.3.1-jre/guava-33.3.1-jre.jar:/Users/kashif/.m2/repository/com/google/guava/failureaccess/1.0.2/failureaccess-1.0.2.jar:/Users/kashif/.m2/repository/com/google/guava/listenablefuture/9999.0-empty-to-avoid-conflict-with-guava/listenablefuture-9999.0-empty-to-avoid-conflict-with-guava.jar:/Users/kashif/.m2/repository/org/checkerframework/checker-qual/3.43.0/checker-qual-3.43.0.jar:/Users/kashif/.m2/repository/com/google/errorprone/error_prone_annotations/2.28.0/error_prone_annotations-2.28.0.jar:/Users/kashif/.m2/repository/com/google/j2objc/j2objc-annotations/3.0.0/j2objc-annotations-3.0.0.jar:/Users/kashif/.m2/repository/org/apache/httpcomponents/client5/httpclient5/5.4.1/httpclient5-5.4.1.jar:/Users/kashif/.m2/repository/org/apache/httpcomponents/core5/httpcore5/5.3.1/httpcore5-5.3.1.jar:/Users/kashif/.m2/repository/org/apache/httpcomponents/core5/httpcore5-h2/5.3.1/httpcore5-h2-5.3.1.jar:/Users/kashif/.m2/repository/org/xmlunit/xmlunit-legacy/2.10.0/xmlunit-legacy-2.10.0.jar:/Users/kashif/.m2/repository/org/xmlunit/xmlunit-placeholders/2.10.0/xmlunit-placeholders-2.10.0.jar:/Users/kashif/.m2/repository/net/javacrumbs/json-unit/json-unit-core/2.40.1/json-unit-core-2.40.1.jar:/Users/kashif/.m2/repository/org/hamcrest/hamcrest-core/2.2/hamcrest-core-2.2.jar:/Users/kashif/.m2/repository/net/sf/jopt-simple/jopt-simple/5.0.4/jopt-simple-5.0.4.jar:/Users/kashif/.m2/repository/com/github/jknack/handlebars/4.3.1/handlebars-4.3.1.jar:/Users/kashif/.m2/repository/com/github/jknack/handlebars-helpers/4.3.1/handlebars-helpers-4.3.1.jar:/Users/kashif/.m2/repository/commons-fileupload/commons-fileupload/1.5/commons-fileupload-1.5.jar:/Users/kashif/.m2/repository/commons-io/commons-io/2.11.0/commons-io-2.11.0.jar:/Users/kashif/.m2/repository/com/networknt/json-schema-validator/1.5.4/json-schema-validator-1.5.4.jar:/Users/kashif/.m2/repository/com/ethlo/time/itu/1.10.2/itu-1.10.2.jar:/Users/kashif/.m2/repository/com/fasterxml/jackson/dataformat/jackson-dataformat-yaml/2.18.2/jackson-dataformat-yaml-2.18.2.jar:/Users/kashif/.m2/repository/org/eclipse/jetty/jetty-server/12.0.16/jetty-server-12.0.16.jar:/Users/kashif/.m2/repository/org/eclipse/jetty/jetty-http/12.0.16/jetty-http-12.0.16.jar:/Users/kashif/.m2/repository/org/eclipse/jetty/jetty-io/12.0.16/jetty-io-12.0.16.jar:/Users/kashif/.m2/repository/org/eclipse/jetty/jetty-proxy/12.0.16/jetty-proxy-12.0.16.jar:/Users/kashif/.m2/repository/org/eclipse/jetty/jetty-client/12.0.16/jetty-client-12.0.16.jar:/Users/kashif/.m2/repository/org/eclipse/jetty/jetty-alpn-server/12.0.16/jetty-alpn-server-12.0.16.jar:/Users/kashif/.m2/repository/org/eclipse/jetty/jetty-alpn-java-server/12.0.16/jetty-alpn-java-server-12.0.16.jar:/Users/kashif/.m2/repository/org/eclipse/jetty/jetty-alpn-java-client/12.0.16/jetty-alpn-java-client-12.0.16.jar:/Users/kashif/.m2/repository/org/eclipse/jetty/jetty-alpn-client/12.0.16/jetty-alpn-client-12.0.16.jar:/Users/kashif/.m2/repository/org/eclipse/jetty/ee10/jetty-ee10-servlet/12.0.16/jetty-ee10-servlet-12.0.16.jar:/Users/kashif/.m2/repository/jakarta/servlet/jakarta.servlet-api/6.0.0/jakarta.servlet-api-6.0.0.jar:/Users/kashif/.m2/repository/org/eclipse/jetty/jetty-security/12.0.16/jetty-security-12.0.16.jar:/Users/kashif/.m2/repository/org/eclipse/jetty/jetty-session/12.0.16/jetty-session-12.0.16.jar:/Users/kashif/.m2/repository/org/eclipse/jetty/ee10/jetty-ee10-servlets/12.0.16/jetty-ee10-servlets-12.0.16.jar:/Users/kashif/.m2/repository/org/eclipse/jetty/jetty-util/12.0.16/jetty-util-12.0.16.jar:/Users/kashif/.m2/repository/org/eclipse/jetty/ee10/jetty-ee10-webapp/12.0.16/jetty-ee10-webapp-12.0.16.jar:/Users/kashif/.m2/repository/org/eclipse/jetty/jetty-ee/12.0.16/jetty-ee-12.0.16.jar:/Users/kashif/.m2/repository/org/eclipse/jetty/jetty-xml/12.0.16/jetty-xml-12.0.16.jar:/Users/kashif/.m2/repository/org/eclipse/jetty/http2/jetty-http2-server/12.0.16/jetty-http2-server-12.0.16.jar:/Users/kashif/.m2/repository/org/eclipse/jetty/http2/jetty-http2-common/12.0.16/jetty-http2-common-12.0.16.jar:/Users/kashif/.m2/repository/org/eclipse/jetty/http2/jetty-http2-hpack/12.0.16/jetty-http2-hpack-12.0.16.jar:/Users/kashif/.m2/repository/org/slf4j/slf4j-api/2.0.16/slf4j-api-2.0.16.jar:/Users/kashif/.m2/repository/org/junit/jupiter/junit-jupiter-api/5.11.4/junit-jupiter-api-5.11.4.jar:/Users/kashif/.m2/repository/org/opentest4j/opentest4j/1.3.0/opentest4j-1.3.0.jar:/Users/kashif/.m2/repository/org/junit/platform/junit-platform-commons/1.11.4/junit-platform-commons-1.11.4.jar:/Users/kashif/.m2/repository/org/apiguardian/apiguardian-api/1.1.2/apiguardian-api-1.1.2.jar:"/>
    <property name="java.vm.vendor" value="Azul Systems, Inc."/>
    <property name="sun.arch.data.model" value="64"/>
    <property name="java.vendor.url" value="http://www.azul.com/"/>
    <property name="user.timezone" value="Europe/London"/>
    <property name="os.name" value="Mac OS X"/>
    <property name="java.vm.specification.version" value="17"/>
    <property name="APPLICATION_NAME" value="file-processor-service"/>
    <property name="sun.java.launcher" value="SUN_STANDARD"/>
    <property name="user.country" value="GB"/>
    <property name="sun.boot.library.path" value="/Users/kashif/.sdkman/candidates/java/17.0.9-zulu/zulu-17.jdk/Contents/Home/lib"/>
    <property name="sun.java.command" value="/Users/kashif/Downloads/file-processor-service/target/surefire/surefirebooter-20250124115604847_3.jar /Users/kashif/Downloads/file-processor-service/target/surefire 2025-01-24T11-56-04_809-jvmRun1 surefire-20250124115604847_1tmp surefire_0-20250124115604847_2tmp"/>
    <property name="http.nonProxyHosts" value="local|*.local|169.254/16|*.169.254/16"/>
    <property name="jdk.debug" value="release"/>
    <property name="surefire.test.class.path" value="/Users/kashif/Downloads/file-processor-service/target/test-classes:/Users/kashif/Downloads/file-processor-service/target/classes:/Users/kashif/.m2/repository/org/springframework/boot/spring-boot-starter-web/3.4.1/spring-boot-starter-web-3.4.1.jar:/Users/kashif/.m2/repository/org/springframework/boot/spring-boot-starter/3.4.1/spring-boot-starter-3.4.1.jar:/Users/kashif/.m2/repository/org/springframework/boot/spring-boot/3.4.1/spring-boot-3.4.1.jar:/Users/kashif/.m2/repository/org/springframework/boot/spring-boot-autoconfigure/3.4.1/spring-boot-autoconfigure-3.4.1.jar:/Users/kashif/.m2/repository/org/springframework/boot/spring-boot-starter-logging/3.4.1/spring-boot-starter-logging-3.4.1.jar:/Users/kashif/.m2/repository/ch/qos/logback/logback-classic/1.5.12/logback-classic-1.5.12.jar:/Users/kashif/.m2/repository/ch/qos/logback/logback-core/1.5.12/logback-core-1.5.12.jar:/Users/kashif/.m2/repository/org/apache/logging/log4j/log4j-to-slf4j/2.24.3/log4j-to-slf4j-2.24.3.jar:/Users/kashif/.m2/repository/org/apache/logging/log4j/log4j-api/2.24.3/log4j-api-2.24.3.jar:/Users/kashif/.m2/repository/org/slf4j/jul-to-slf4j/2.0.16/jul-to-slf4j-2.0.16.jar:/Users/kashif/.m2/repository/jakarta/annotation/jakarta.annotation-api/2.1.1/jakarta.annotation-api-2.1.1.jar:/Users/kashif/.m2/repository/org/yaml/snakeyaml/2.3/snakeyaml-2.3.jar:/Users/kashif/.m2/repository/org/springframework/boot/spring-boot-starter-json/3.4.1/spring-boot-starter-json-3.4.1.jar:/Users/kashif/.m2/repository/com/fasterxml/jackson/core/jackson-databind/2.18.2/jackson-databind-2.18.2.jar:/Users/kashif/.m2/repository/com/fasterxml/jackson/core/jackson-annotations/2.18.2/jackson-annotations-2.18.2.jar:/Users/kashif/.m2/repository/com/fasterxml/jackson/core/jackson-core/2.18.2/jackson-core-2.18.2.jar:/Users/kashif/.m2/repository/com/fasterxml/jackson/datatype/jackson-datatype-jdk8/2.18.2/jackson-datatype-jdk8-2.18.2.jar:/Users/kashif/.m2/repository/com/fasterxml/jackson/datatype/jackson-datatype-jsr310/2.18.2/jackson-datatype-jsr310-2.18.2.jar:/Users/kashif/.m2/repository/com/fasterxml/jackson/module/jackson-module-parameter-names/2.18.2/jackson-module-parameter-names-2.18.2.jar:/Users/kashif/.m2/repository/org/springframework/boot/spring-boot-starter-tomcat/3.4.1/spring-boot-starter-tomcat-3.4.1.jar:/Users/kashif/.m2/repository/org/apache/tomcat/embed/tomcat-embed-core/10.1.34/tomcat-embed-core-10.1.34.jar:/Users/kashif/.m2/repository/org/apache/tomcat/embed/tomcat-embed-el/10.1.34/tomcat-embed-el-10.1.34.jar:/Users/kashif/.m2/repository/org/apache/tomcat/embed/tomcat-embed-websocket/10.1.34/tomcat-embed-websocket-10.1.34.jar:/Users/kashif/.m2/repository/org/springframework/spring-web/6.2.1/spring-web-6.2.1.jar:/Users/kashif/.m2/repository/org/springframework/spring-beans/6.2.1/spring-beans-6.2.1.jar:/Users/kashif/.m2/repository/io/micrometer/micrometer-observation/1.14.2/micrometer-observation-1.14.2.jar:/Users/kashif/.m2/repository/io/micrometer/micrometer-commons/1.14.2/micrometer-commons-1.14.2.jar:/Users/kashif/.m2/repository/org/springframework/spring-webmvc/6.2.1/spring-webmvc-6.2.1.jar:/Users/kashif/.m2/repository/org/springframework/spring-aop/6.2.1/spring-aop-6.2.1.jar:/Users/kashif/.m2/repository/org/springframework/spring-context/6.2.1/spring-context-6.2.1.jar:/Users/kashif/.m2/repository/org/springframework/spring-expression/6.2.1/spring-expression-6.2.1.jar:/Users/kashif/.m2/repository/org/projectlombok/lombok/1.18.36/lombok-1.18.36.jar:/Users/kashif/.m2/repository/org/springframework/boot/spring-boot-starter-test/3.4.1/spring-boot-starter-test-3.4.1.jar:/Users/kashif/.m2/repository/org/springframework/boot/spring-boot-test/3.4.1/spring-boot-test-3.4.1.jar:/Users/kashif/.m2/repository/org/springframework/boot/spring-boot-test-autoconfigure/3.4.1/spring-boot-test-autoconfigure-3.4.1.jar:/Users/kashif/.m2/repository/com/jayway/jsonpath/json-path/2.9.0/json-path-2.9.0.jar:/Users/kashif/.m2/repository/jakarta/xml/bind/jakarta.xml.bind-api/4.0.2/jakarta.xml.bind-api-4.0.2.jar:/Users/kashif/.m2/repository/jakarta/activation/jakarta.activation-api/2.1.3/jakarta.activation-api-2.1.3.jar:/Users/kashif/.m2/repository/net/minidev/json-smart/2.5.1/json-smart-2.5.1.jar:/Users/kashif/.m2/repository/net/minidev/accessors-smart/2.5.1/accessors-smart-2.5.1.jar:/Users/kashif/.m2/repository/org/ow2/asm/asm/9.6/asm-9.6.jar:/Users/kashif/.m2/repository/org/assertj/assertj-core/3.26.3/assertj-core-3.26.3.jar:/Users/kashif/.m2/repository/net/bytebuddy/byte-buddy/1.15.11/byte-buddy-1.15.11.jar:/Users/kashif/.m2/repository/org/awaitility/awaitility/4.2.2/awaitility-4.2.2.jar:/Users/kashif/.m2/repository/org/hamcrest/hamcrest/2.2/hamcrest-2.2.jar:/Users/kashif/.m2/repository/org/junit/jupiter/junit-jupiter/5.11.4/junit-jupiter-5.11.4.jar:/Users/kashif/.m2/repository/org/junit/jupiter/junit-jupiter-params/5.11.4/junit-jupiter-params-5.11.4.jar:/Users/kashif/.m2/repository/org/junit/jupiter/junit-jupiter-engine/5.11.4/junit-jupiter-engine-5.11.4.jar:/Users/kashif/.m2/repository/org/junit/platform/junit-platform-engine/1.11.4/junit-platform-engine-1.11.4.jar:/Users/kashif/.m2/repository/org/mockito/mockito-core/5.14.2/mockito-core-5.14.2.jar:/Users/kashif/.m2/repository/net/bytebuddy/byte-buddy-agent/1.15.11/byte-buddy-agent-1.15.11.jar:/Users/kashif/.m2/repository/org/objenesis/objenesis/3.3/objenesis-3.3.jar:/Users/kashif/.m2/repository/org/mockito/mockito-junit-jupiter/5.14.2/mockito-junit-jupiter-5.14.2.jar:/Users/kashif/.m2/repository/org/skyscreamer/jsonassert/1.5.3/jsonassert-1.5.3.jar:/Users/kashif/.m2/repository/com/vaadin/external/google/android-json/0.0.20131108.vaadin1/android-json-0.0.20131108.vaadin1.jar:/Users/kashif/.m2/repository/org/springframework/spring-core/6.2.1/spring-core-6.2.1.jar:/Users/kashif/.m2/repository/org/springframework/spring-jcl/6.2.1/spring-jcl-6.2.1.jar:/Users/kashif/.m2/repository/org/springframework/spring-test/6.2.1/spring-test-6.2.1.jar:/Users/kashif/.m2/repository/org/xmlunit/xmlunit-core/2.10.0/xmlunit-core-2.10.0.jar:/Users/kashif/.m2/repository/org/apache/commons/commons-lang3/3.14.0/commons-lang3-3.14.0.jar:/Users/kashif/.m2/repository/org/springframework/boot/spring-boot-starter-webflux/3.4.1/spring-boot-starter-webflux-3.4.1.jar:/Users/kashif/.m2/repository/org/springframework/boot/spring-boot-starter-reactor-netty/3.4.1/spring-boot-starter-reactor-netty-3.4.1.jar:/Users/kashif/.m2/repository/io/projectreactor/netty/reactor-netty-http/1.2.1/reactor-netty-http-1.2.1.jar:/Users/kashif/.m2/repository/io/netty/netty-codec-http/4.1.116.Final/netty-codec-http-4.1.116.Final.jar:/Users/kashif/.m2/repository/io/netty/netty-common/4.1.116.Final/netty-common-4.1.116.Final.jar:/Users/kashif/.m2/repository/io/netty/netty-buffer/4.1.116.Final/netty-buffer-4.1.116.Final.jar:/Users/kashif/.m2/repository/io/netty/netty-transport/4.1.116.Final/netty-transport-4.1.116.Final.jar:/Users/kashif/.m2/repository/io/netty/netty-codec/4.1.116.Final/netty-codec-4.1.116.Final.jar:/Users/kashif/.m2/repository/io/netty/netty-handler/4.1.116.Final/netty-handler-4.1.116.Final.jar:/Users/kashif/.m2/repository/io/netty/netty-codec-http2/4.1.116.Final/netty-codec-http2-4.1.116.Final.jar:/Users/kashif/.m2/repository/io/netty/netty-resolver-dns/4.1.116.Final/netty-resolver-dns-4.1.116.Final.jar:/Users/kashif/.m2/repository/io/netty/netty-resolver/4.1.116.Final/netty-resolver-4.1.116.Final.jar:/Users/kashif/.m2/repository/io/netty/netty-codec-dns/4.1.116.Final/netty-codec-dns-4.1.116.Final.jar:/Users/kashif/.m2/repository/io/netty/netty-resolver-dns-native-macos/4.1.116.Final/netty-resolver-dns-native-macos-4.1.116.Final-osx-x86_64.jar:/Users/kashif/.m2/repository/io/netty/netty-resolver-dns-classes-macos/4.1.116.Final/netty-resolver-dns-classes-macos-4.1.116.Final.jar:/Users/kashif/.m2/repository/io/netty/netty-transport-native-epoll/4.1.116.Final/netty-transport-native-epoll-4.1.116.Final-linux-x86_64.jar:/Users/kashif/.m2/repository/io/netty/netty-transport-native-unix-common/4.1.116.Final/netty-transport-native-unix-common-4.1.116.Final.jar:/Users/kashif/.m2/repository/io/netty/netty-transport-classes-epoll/4.1.116.Final/netty-transport-classes-epoll-4.1.116.Final.jar:/Users/kashif/.m2/repository/io/projectreactor/netty/reactor-netty-core/1.2.1/reactor-netty-core-1.2.1.jar:/Users/kashif/.m2/repository/io/netty/netty-handler-proxy/4.1.116.Final/netty-handler-proxy-4.1.116.Final.jar:/Users/kashif/.m2/repository/io/netty/netty-codec-socks/4.1.116.Final/netty-codec-socks-4.1.116.Final.jar:/Users/kashif/.m2/repository/org/springframework/spring-webflux/6.2.1/spring-webflux-6.2.1.jar:/Users/kashif/.m2/repository/io/projectreactor/reactor-core/3.7.1/reactor-core-3.7.1.jar:/Users/kashif/.m2/repository/org/reactivestreams/reactive-streams/1.0.4/reactive-streams-1.0.4.jar:/Users/kashif/.m2/repository/org/wiremock/integrations/wiremock-spring-boot/3.6.0/wiremock-spring-boot-3.6.0.jar:/Users/kashif/.m2/repository/org/wiremock/wiremock-jetty12/3.10.0/wiremock-jetty12-3.10.0.jar:/Users/kashif/.m2/repository/org/wiremock/wiremock/3.10.0/wiremock-3.10.0.jar:/Users/kashif/.m2/repository/com/google/guava/guava/33.3.1-jre/guava-33.3.1-jre.jar:/Users/kashif/.m2/repository/com/google/guava/failureaccess/1.0.2/failureaccess-1.0.2.jar:/Users/kashif/.m2/repository/com/google/guava/listenablefuture/9999.0-empty-to-avoid-conflict-with-guava/listenablefuture-9999.0-empty-to-avoid-conflict-with-guava.jar:/Users/kashif/.m2/repository/org/checkerframework/checker-qual/3.43.0/checker-qual-3.43.0.jar:/Users/kashif/.m2/repository/com/google/errorprone/error_prone_annotations/2.28.0/error_prone_annotations-2.28.0.jar:/Users/kashif/.m2/repository/com/google/j2objc/j2objc-annotations/3.0.0/j2objc-annotations-3.0.0.jar:/Users/kashif/.m2/repository/org/apache/httpcomponents/client5/httpclient5/5.4.1/httpclient5-5.4.1.jar:/Users/kashif/.m2/repository/org/apache/httpcomponents/core5/httpcore5/5.3.1/httpcore5-5.3.1.jar:/Users/kashif/.m2/repository/org/apache/httpcomponents/core5/httpcore5-h2/5.3.1/httpcore5-h2-5.3.1.jar:/Users/kashif/.m2/repository/org/xmlunit/xmlunit-legacy/2.10.0/xmlunit-legacy-2.10.0.jar:/Users/kashif/.m2/repository/org/xmlunit/xmlunit-placeholders/2.10.0/xmlunit-placeholders-2.10.0.jar:/Users/kashif/.m2/repository/net/javacrumbs/json-unit/json-unit-core/2.40.1/json-unit-core-2.40.1.jar:/Users/kashif/.m2/repository/org/hamcrest/hamcrest-core/2.2/hamcrest-core-2.2.jar:/Users/kashif/.m2/repository/net/sf/jopt-simple/jopt-simple/5.0.4/jopt-simple-5.0.4.jar:/Users/kashif/.m2/repository/com/github/jknack/handlebars/4.3.1/handlebars-4.3.1.jar:/Users/kashif/.m2/repository/com/github/jknack/handlebars-helpers/4.3.1/handlebars-helpers-4.3.1.jar:/Users/kashif/.m2/repository/commons-fileupload/commons-fileupload/1.5/commons-fileupload-1.5.jar:/Users/kashif/.m2/repository/commons-io/commons-io/2.11.0/commons-io-2.11.0.jar:/Users/kashif/.m2/repository/com/networknt/json-schema-validator/1.5.4/json-schema-validator-1.5.4.jar:/Users/kashif/.m2/repository/com/ethlo/time/itu/1.10.2/itu-1.10.2.jar:/Users/kashif/.m2/repository/com/fasterxml/jackson/dataformat/jackson-dataformat-yaml/2.18.2/jackson-dataformat-yaml-2.18.2.jar:/Users/kashif/.m2/repository/org/eclipse/jetty/jetty-server/12.0.16/jetty-server-12.0.16.jar:/Users/kashif/.m2/repository/org/eclipse/jetty/jetty-http/12.0.16/jetty-http-12.0.16.jar:/Users/kashif/.m2/repository/org/eclipse/jetty/jetty-io/12.0.16/jetty-io-12.0.16.jar:/Users/kashif/.m2/repository/org/eclipse/jetty/jetty-proxy/12.0.16/jetty-proxy-12.0.16.jar:/Users/kashif/.m2/repository/org/eclipse/jetty/jetty-client/12.0.16/jetty-client-12.0.16.jar:/Users/kashif/.m2/repository/org/eclipse/jetty/jetty-alpn-server/12.0.16/jetty-alpn-server-12.0.16.jar:/Users/kashif/.m2/repository/org/eclipse/jetty/jetty-alpn-java-server/12.0.16/jetty-alpn-java-server-12.0.16.jar:/Users/kashif/.m2/repository/org/eclipse/jetty/jetty-alpn-java-client/12.0.16/jetty-alpn-java-client-12.0.16.jar:/Users/kashif/.m2/repository/org/eclipse/jetty/jetty-alpn-client/12.0.16/jetty-alpn-client-12.0.16.jar:/Users/kashif/.m2/repository/org/eclipse/jetty/ee10/jetty-ee10-servlet/12.0.16/jetty-ee10-servlet-12.0.16.jar:/Users/kashif/.m2/repository/jakarta/servlet/jakarta.servlet-api/6.0.0/jakarta.servlet-api-6.0.0.jar:/Users/kashif/.m2/repository/org/eclipse/jetty/jetty-security/12.0.16/jetty-security-12.0.16.jar:/Users/kashif/.m2/repository/org/eclipse/jetty/jetty-session/12.0.16/jetty-session-12.0.16.jar:/Users/kashif/.m2/repository/org/eclipse/jetty/ee10/jetty-ee10-servlets/12.0.16/jetty-ee10-servlets-12.0.16.jar:/Users/kashif/.m2/repository/org/eclipse/jetty/jetty-util/12.0.16/jetty-util-12.0.16.jar:/Users/kashif/.m2/repository/org/eclipse/jetty/ee10/jetty-ee10-webapp/12.0.16/jetty-ee10-webapp-12.0.16.jar:/Users/kashif/.m2/repository/org/eclipse/jetty/jetty-ee/12.0.16/jetty-ee-12.0.16.jar:/Users/kashif/.m2/repository/org/eclipse/jetty/jetty-xml/12.0.16/jetty-xml-12.0.16.jar:/Users/kashif/.m2/repository/org/eclipse/jetty/http2/jetty-http2-server/12.0.16/jetty-http2-server-12.0.16.jar:/Users/kashif/.m2/repository/org/eclipse/jetty/http2/jetty-http2-common/12.0.16/jetty-http2-common-12.0.16.jar:/Users/kashif/.m2/repository/org/eclipse/jetty/http2/jetty-http2-hpack/12.0.16/jetty-http2-hpack-12.0.16.jar:/Users/kashif/.m2/repository/org/slf4j/slf4j-api/2.0.16/slf4j-api-2.0.16.jar:/Users/kashif/.m2/repository/org/junit/jupiter/junit-jupiter-api/5.11.4/junit-jupiter-api-5.11.4.jar:/Users/kashif/.m2/repository/org/opentest4j/opentest4j/1.3.0/opentest4j-1.3.0.jar:/Users/kashif/.m2/repository/org/junit/platform/junit-platform-commons/1.11.4/junit-platform-commons-1.11.4.jar:/Users/kashif/.m2/repository/org/apiguardian/apiguardian-api/1.1.2/apiguardian-api-1.1.2.jar:"/>
    <property name="sun.cpu.endian" value="little"/>
    <property name="user.home" value="/Users/kashif"/>
    <property name="user.language" value="en"/>
    <property name="java.specification.vendor" value="Oracle Corporation"/>
    <property name="java.version.date" value="2023-10-17"/>
    <property name="java.home" value="/Users/kashif/.sdkman/candidates/java/17.0.9-zulu/zulu-17.jdk/Contents/Home"/>
    <property name="file.separator" value="/"/>
    <property name="basedir" value="/Users/kashif/Downloads/file-processor-service"/>
    <property name="java.vm.compressedOopsMode" value="Zero based"/>
    <property name="line.separator" value="&#10;"/>
    <property name="java.vm.specification.vendor" value="Oracle Corporation"/>
    <property name="java.specification.name" value="Java Platform API Specification"/>
    <property name="FILE_LOG_CHARSET" value="UTF-8"/>
    <property name="java.awt.headless" value="true"/>
    <property name="surefire.real.class.path" value="/Users/kashif/Downloads/file-processor-service/target/surefire/surefirebooter-20250124115604847_3.jar"/>
    <property name="sun.management.compiler" value="HotSpot 64-Bit Tiered Compilers"/>
    <property name="ftp.nonProxyHosts" value="local|*.local|169.254/16|*.169.254/16"/>
    <property name="java.runtime.version" value="17.0.9+8-LTS"/>
    <property name="user.name" value="kashif"/>
    <property name="path.separator" value=":"/>
    <property name="os.version" value="14.5"/>
    <property name="java.runtime.name" value="OpenJDK Runtime Environment"/>
    <property name="file.encoding" value="UTF-8"/>
    <property name="java.vm.name" value="OpenJDK 64-Bit Server VM"/>
    <property name="java.vendor.version" value="Zulu17.46+19-CA"/>
    <property name="localRepository" value="/Users/kashif/.m2/repository"/>
    <property name="java.vendor.url.bug" value="http://www.azul.com/support/"/>
    <property name="java.io.tmpdir" value="/var/folders/dm/6j0hdvvd71zb44ymbbfgzszw0000gn/T/"/>
    <property name="java.version" value="17.0.9"/>
    <property name="user.dir" value="/Users/kashif/Downloads/file-processor-service"/>
    <property name="os.arch" value="aarch64"/>
    <property name="java.vm.specification.name" value="Java Virtual Machine Specification"/>
    <property name="PID" value="80498"/>
    <property name="CONSOLE_LOG_CHARSET" value="UTF-8"/>
    <property name="native.encoding" value="UTF-8"/>
    <property name="java.library.path" value="/Users/kashif/Library/Java/Extensions:/Library/Java/Extensions:/Network/Library/Java/Extensions:/System/Library/Java/Extensions:/usr/lib/java:."/>
    <property name="java.vm.info" value="mixed mode, sharing"/>
    <property name="java.vendor" value="Azul Systems, Inc."/>
    <property name="java.vm.version" value="17.0.9+8-LTS"/>
    <property name="sun.io.unicode.encoding" value="UnicodeBig"/>
    <property name="socksNonProxyHosts" value="local|*.local|169.254/16|*.169.254/16"/>
    <property name="java.class.version" value="61.0"/>
    <property name="LOGGED_APPLICATION_NAME" value="[file-processor-service] "/>
  </properties>
  <testcase name="contextLoads" classname="com.example.file.processor.FileProcessorServiceApplicationTests" time="0.296">
    <system-out><![CDATA[11:56:05.129 [main] INFO org.springframework.test.context.support.AnnotationConfigContextLoaderUtils -- Could not detect default configuration classes for test class [com.example.file.processor.FileProcessorServiceApplicationTests]: FileProcessorServiceApplicationTests does not declare any static, non-private, non-final, nested classes annotated with @Configuration.
11:56:05.162 [main] INFO org.springframework.boot.test.context.SpringBootTestContextBootstrapper -- Found @SpringBootConfiguration com.example.file.processor.FileProcessorServiceApplication for test class com.example.file.processor.FileProcessorServiceApplicationTests

  .   ____          _            __ _ _
 /\\ / ___'_ __ _ _(_)_ __  __ _ \ \ \ \
( ( )\___ | '_ | '_| | '_ \/ _` | \ \ \ \
 \\/  ___)| |_)| | | | | || (_| |  ) ) ) )
  '  |____| .__|_| |_|_| |_\__, | / / / /
 =========|_|==============|___/=/_/_/_/

 :: Spring Boot ::                (v3.4.1)

2025-01-24T11:56:05.284Z  INFO 80498 --- [file-processor-service] [           main] f.p.FileProcessorServiceApplicationTests : Starting FileProcessorServiceApplicationTests using Java 17.0.9 with PID 80498 (started by kashif in /Users/kashif/Downloads/file-processor-service)
2025-01-24T11:56:05.284Z  INFO 80498 --- [file-processor-service] [           main] f.p.FileProcessorServiceApplicationTests : No active profile set, falling back to 1 default profile: "default"
2025-01-24T11:56:05.754Z  INFO 80498 --- [file-processor-service] [           main] f.p.FileProcessorServiceApplicationTests : Started FileProcessorServiceApplicationTests in 0.55 seconds (process running for 0.872)
]]></system-out>
  </testcase>
</testsuite>